*** Caught a fatal signal (proc 1): SIGSEGV(11)
*** NOTICE (proc 1): We recommend linking the debug version of GASNet to assist you in resolving this application issue.
[1] Invoking GDB for backtrace...
[1] GDB backtrace failed! (0x00000100:256)
[1] Invoking GSTACK for backtrace...
[1] /usr/bin/gstack 68654
[1] Thread 3 (Thread 0x7f13a11e1000 (LWP 69058) "cuda-EvtHandlr"):
[1] #0  0x00007f13c50e91c9 in poll () from /lib64/libc.so.6
[1] #1  0x00007f13c8dae069 in ?? () from /usr/lib64/libcuda.so.1
[1] #2  0x00007f13c8e68c0b in ?? () from /usr/lib64/libcuda.so.1
[1] #3  0x00007f13c8db0998 in ?? () from /usr/lib64/libcuda.so.1
[1] #4  0x00007f13caa0a6ea in start_thread () from /lib64/libpthread.so.0
[1] #5  0x00007f13c50f5a6f in clone () from /lib64/libc.so.6
[1] Thread 2 (Thread 0x7f13a5277000 (LWP 69044) "cuda-EvtHandlr"):
[1] #0  0x00007f13c50e91c9 in poll () from /lib64/libc.so.6
[1] #1  0x00007f13c8dae069 in ?? () from /usr/lib64/libcuda.so.1
[1] #2  0x00007f13c8e68c0b in ?? () from /usr/lib64/libcuda.so.1
[1] #3  0x00007f13c8db0998 in ?? () from /usr/lib64/libcuda.so.1
[1] #4  0x00007f13caa0a6ea in start_thread () from /lib64/libpthread.so.0
[1] #5  0x00007f13c50f5a6f in clone () from /lib64/libc.so.6
[1] Thread 1 (Thread 0x7f13da97e000 (LWP 68654) "main"):
[1] #0  0x00007f13c50da527 in sched_yield () from /lib64/libc.so.6
[1] #1  0x000000000045f80f in gasneti_bt_gstack ()
[1] #2  0x0000000000460156 in gasneti_print_backtrace ()
[1] #3  0x000000000041ee53 in gasneti_defaultSignalHandler ()
[1] #4  <signal handler called>
[1] #5  0x00007f13c515ed13 in __memmove_avx_unaligned_erms () from /lib64/libc.so.6
[1] #6  0x0000000000458516 in gasnetc_ofi_am_send_medium ()
[1] #7  0x000000000044de18 in gasnetc_AMRequestMediumM ()
[1] #8  0x00000000004c2257 in gasnete_coll_pf_tm_reduce_BinomialEagerSeg ()
[1] #9  0x00000000004aeb32 in gasneti_coll_progressfn ()
[1] #10 0x00000000004b7925 in gasnete_tm_reduce_all_nb ()
[1] #11 0x0000000000445276 in upcxx::detail::reduce_one_or_all_trivial_erased(upcxx::team const&, int, void const*, void*, unsigned long, unsigned long, unsigned long, unsigned long, void (*)(void const*, void*, unsigned long, void const*), void*, upcxx::backend::gasnet::handle_cb*) ()
[1] #12 0x0000000000422fcf in main ()
srun: error: nid001685: task 1: Segmentation fault
srun: Terminating StepId=8547691.0
slurmstepd: error: *** STEP 8547691.0 ON nid001684 CANCELLED AT 2023-05-08T18:54:14 ***
*** Caught a signal (proc 0): SIGTERM(15)
*** FATAL ERROR (proc 0): in gasnetc_ofi_tx_poll_one() at x-2023.3.0/bld/GASNet-2023.3.0/ofi-conduit/gasnet_ofi.c:2037: fi_cq_read for tx_poll failed with error: -5(Input/output error)
*** NOTICE (proc 0): We recommend linking the debug version of GASNet to assist you in resolving this application issue.
*** Details for bug reporting (proc 0): config=RELEASE=2023.3.0,SPEC=1.20,PTR=64bit,nodebug,SEQ,timers_native,membars_native,atomics_native,atomic32_native,atomic64_native compiler=GNU/11.2.0 sys=x86_64-pc-linux-gnu
[0] Invoking GDB for backtrace...
[0] GDB backtrace failed! (0x00000100:256)
[0] Invoking GSTACK for backtrace...
[0] /usr/bin/gstack 107085
[0] Thread 3 (Thread 0x7f7eac9e1000 (LWP 107575) "cuda-EvtHandlr"):
[0] #0  0x00007f7ee078f1c9 in poll () from /lib64/libc.so.6
[0] #1  0x00007f7ee4454069 in ?? () from /usr/lib64/libcuda.so.1
[0] #2  0x00007f7ee450ec0b in ?? () from /usr/lib64/libcuda.so.1
[0] #3  0x00007f7ee4456998 in ?? () from /usr/lib64/libcuda.so.1
[0] #4  0x00007f7ee60b06ea in start_thread () from /lib64/libpthread.so.0
[0] #5  0x00007f7ee079ba6f in clone () from /lib64/libc.so.6
[0] Thread 2 (Thread 0x7f7ec0928000 (LWP 107538) "cuda-EvtHandlr"):
[0] #0  0x00007f7ee078f1c9 in poll () from /lib64/libc.so.6
[0] #1  0x00007f7ee4454069 in ?? () from /usr/lib64/libcuda.so.1
[0] #2  0x00007f7ee450ec0b in ?? () from /usr/lib64/libcuda.so.1
[0] #3  0x00007f7ee4456998 in ?? () from /usr/lib64/libcuda.so.1
[0] #4  0x00007f7ee60b06ea in start_thread () from /lib64/libpthread.so.0
[0] #5  0x00007f7ee079ba6f in clone () from /lib64/libc.so.6
[0] Thread 1 (Thread 0x7f7ef602a000 (LWP 107085) "main"):
[0] #0  0x00007f7ee0780527 in sched_yield () from /lib64/libc.so.6
[0] #1  0x000000000045f80f in gasneti_bt_gstack ()
[0] #2  0x0000000000460156 in gasneti_print_backtrace ()
[0] #3  0x0000000000414d40 in gasneti_error_abort ()
[0] #4  0x0000000000414e2f in _gasneti_fatalerror ()
[0] #5  0x0000000000456459 in gasnetc_ofi_tx_poll ()
[0] #6  0x000000000045649c in gasnetc_ofi_poll ()
[0] #7  0x000000000044d87a in gasnetc_exit ()
[0] #8  0x000000000041ee1a in gasneti_defaultSignalHandler ()
[0] #9  <signal handler called>
[0] #10 0x00007f7ee60bc71b in raise () from /lib64/libpthread.so.0
[0] #11 <signal handler called>
[0] #12 cxi_eq_peek_event (eq=0x992c48) at /usr/include/cxi_prov_hw.h:1537
[0] #13 cxip_ep_ctrl_eq_progress (ep_obj=0x8fee60, ctrl_evtq=0x992c48, tx_evtq=true, ep_obj_locked=false) at prov/cxi/src/cxip_ctrl.c:326
[0] #14 0x00007f7ee6984111 in ofi_cq_readfrom (cq_fid=0x924fd0, buf=<optimized out>, count=1, src_addr=0x0) at prov/util/src/util_cq.c:232
[0] #15 0x0000000000456643 in gasnetc_ofi_poll ()
[0] #16 0x000000000044d500 in gasnetc_AMPoll ()
[0] #17 0x000000000042c070 in void do_progress<(upcxx::progress_level)1>() ()
[0] #18 0x0000000000423297 in main ()
gasnet_exit(): ERROR: signal 6 received during exit... goodbye.  [coordinating shutdown]
aborting job:
GASNet abnormal exit
srun: error: nid001684: task 0: Exited with exit code 255
