*** Caught a fatal signal (proc 1): SIGSEGV(11)
*** NOTICE (proc 1): We recommend linking the debug version of GASNet to assist you in resolving this application issue.
[1] Invoking GDB for backtrace...
[1] GDB backtrace failed! (0x00000100:256)
[1] Invoking GSTACK for backtrace...
[1] /usr/bin/gstack 101813
[1] Thread 3 (Thread 0x7f4bd45e1000 (LWP 101844) "cuda-EvtHandlr"):
[1] #0  0x00007f4bf84011c9 in poll () from /lib64/libc.so.6
[1] #1  0x00007f4bfc0c6069 in ?? () from /usr/lib64/libcuda.so.1
[1] #2  0x00007f4bfc180c0b in ?? () from /usr/lib64/libcuda.so.1
[1] #3  0x00007f4bfc0c8998 in ?? () from /usr/lib64/libcuda.so.1
[1] #4  0x00007f4bfdd226ea in start_thread () from /lib64/libpthread.so.0
[1] #5  0x00007f4bf840da6f in clone () from /lib64/libc.so.6
[1] Thread 2 (Thread 0x7f4bd859a000 (LWP 101821) "cuda-EvtHandlr"):
[1] #0  0x00007f4bf84011c9 in poll () from /lib64/libc.so.6
[1] #1  0x00007f4bfc0c6069 in ?? () from /usr/lib64/libcuda.so.1
[1] #2  0x00007f4bfc180c0b in ?? () from /usr/lib64/libcuda.so.1
[1] #3  0x00007f4bfc0c8998 in ?? () from /usr/lib64/libcuda.so.1
[1] #4  0x00007f4bfdd226ea in start_thread () from /lib64/libpthread.so.0
[1] #5  0x00007f4bf840da6f in clone () from /lib64/libc.so.6
[1] Thread 1 (Thread 0x7f4c0dc9c000 (LWP 101813) "main"):
[1] #0  0x00007f4bf83f2527 in sched_yield () from /lib64/libc.so.6
[1] #1  0x000000000045f80f in gasneti_bt_gstack ()
[1] #2  0x0000000000460156 in gasneti_print_backtrace ()
[1] #3  0x000000000041ee53 in gasneti_defaultSignalHandler ()
[1] #4  <signal handler called>
[1] #5  0x00007f4bf8476d86 in __memmove_avx_unaligned_erms () from /lib64/libc.so.6
[1] #6  0x0000000000458516 in gasnetc_ofi_am_send_medium ()
[1] #7  0x000000000044de18 in gasnetc_AMRequestMediumM ()
[1] #8  0x00000000004c1be3 in gasnete_coll_pf_tm_reduce_BinomialEager ()
[1] #9  0x00000000004aeb32 in gasneti_coll_progressfn ()
[1] #10 0x00000000004b7925 in gasnete_tm_reduce_all_nb ()
[1] #11 0x0000000000445276 in upcxx::detail::reduce_one_or_all_trivial_erased(upcxx::team const&, int, void const*, void*, unsigned long, unsigned long, unsigned long, unsigned long, void (*)(void const*, void*, unsigned long, void const*), void*, upcxx::backend::gasnet::handle_cb*) ()
[1] #12 0x0000000000422fce in main ()
srun: error: nid003252: task 1: Segmentation fault
srun: Terminating StepId=8547807.0
slurmstepd: error: *** STEP 8547807.0 ON nid003249 CANCELLED AT 2023-05-08T19:05:47 ***
*** Caught a signal (proc 0): SIGTERM(15)
*** FATAL ERROR (proc 0): in gasnetc_ofi_tx_poll_one() at x-2023.3.0/bld/GASNet-2023.3.0/ofi-conduit/gasnet_ofi.c:2037: fi_cq_read for tx_poll failed with error: -5(Input/output error)
*** NOTICE (proc 0): We recommend linking the debug version of GASNet to assist you in resolving this application issue.
*** Details for bug reporting (proc 0): config=RELEASE=2023.3.0,SPEC=1.20,PTR=64bit,nodebug,SEQ,timers_native,membars_native,atomics_native,atomic32_native,atomic64_native compiler=GNU/11.2.0 sys=x86_64-pc-linux-gnu
[0] Invoking GDB for backtrace...
[0] GDB backtrace failed! (0x00000100:256)
[0] Invoking GSTACK for backtrace...
[0] /usr/bin/gstack 129264
[0] Thread 3 (Thread 0x7fa2a23e1000 (LWP 129270) "cuda-EvtHandlr"):
[0] #0  0x00007fa2c61ef1c9 in poll () from /lib64/libc.so.6
[0] #1  0x00007fa2c9eb4069 in ?? () from /usr/lib64/libcuda.so.1
[0] #2  0x00007fa2c9f6ec0b in ?? () from /usr/lib64/libcuda.so.1
[0] #3  0x00007fa2c9eb6998 in ?? () from /usr/lib64/libcuda.so.1
[0] #4  0x00007fa2cbb106ea in start_thread () from /lib64/libpthread.so.0
[0] #5  0x00007fa2c61fba6f in clone () from /lib64/libc.so.6
[0] Thread 2 (Thread 0x7fa2a6388000 (LWP 129269) "cuda-EvtHandlr"):
[0] #0  0x00007fa2c61ef1c9 in poll () from /lib64/libc.so.6
[0] #1  0x00007fa2c9eb4069 in ?? () from /usr/lib64/libcuda.so.1
[0] #2  0x00007fa2c9f6ec0b in ?? () from /usr/lib64/libcuda.so.1
[0] #3  0x00007fa2c9eb6998 in ?? () from /usr/lib64/libcuda.so.1
[0] #4  0x00007fa2cbb106ea in start_thread () from /lib64/libpthread.so.0
[0] #5  0x00007fa2c61fba6f in clone () from /lib64/libc.so.6
[0] Thread 1 (Thread 0x7fa2dba8a000 (LWP 129264) "main"):
[0] #0  0x00007fa2c61e0527 in sched_yield () from /lib64/libc.so.6
[0] #1  0x000000000045f80f in gasneti_bt_gstack ()
[0] #2  0x0000000000460156 in gasneti_print_backtrace ()
[0] #3  0x0000000000414d40 in gasneti_error_abort ()
[0] #4  0x0000000000414e2f in _gasneti_fatalerror ()
[0] #5  0x0000000000456459 in gasnetc_ofi_tx_poll ()
[0] #6  0x000000000045649c in gasnetc_ofi_poll ()
[0] #7  0x000000000044d87a in gasnetc_exit ()
[0] #8  0x000000000041ee1a in gasneti_defaultSignalHandler ()
[0] #9  <signal handler called>
[0] #10 0x00007fa2cbb1c71b in raise () from /lib64/libpthread.so.0
[0] #11 <signal handler called>
[0] #12 0x0000000000423e40 in upcxx::detail::progress_user() ()
[0] #13 0x0000000000423297 in main ()
gasnet_exit(): ERROR: signal 6 received during exit... goodbye.  [coordinating shutdown]
aborting job:
GASNet abnormal exit
srun: error: nid003249: task 0: Exited with exit code 255
