*** Caught a fatal signal (proc 1): SIGSEGV(11)
*** NOTICE (proc 1): We recommend linking the debug version of GASNet to assist you in resolving this application issue.
[1] Invoking GDB for backtrace...
[1] GDB backtrace failed! (0x00000100:256)
[1] Invoking GSTACK for backtrace...
[1] /usr/bin/gstack 114105
[1] Thread 3 (Thread 0x7f0af3bf0000 (LWP 114792) "cuda-EvtHandlr"):
[1] #0  0x00007f0b1bc4b1c9 in poll () from /lib64/libc.so.6
[1] #1  0x00007f0b1f910069 in ?? () from /usr/lib64/libcuda.so.1
[1] #2  0x00007f0b1f9cac0b in ?? () from /usr/lib64/libcuda.so.1
[1] #3  0x00007f0b1f912998 in ?? () from /usr/lib64/libcuda.so.1
[1] #4  0x00007f0b2156c6ea in start_thread () from /lib64/libpthread.so.0
[1] #5  0x00007f0b1bc57a6f in clone () from /lib64/libc.so.6
[1] Thread 2 (Thread 0x7f0afbde4000 (LWP 114683) "cuda-EvtHandlr"):
[1] #0  0x00007f0b1bc4b1c9 in poll () from /lib64/libc.so.6
[1] #1  0x00007f0b1f910069 in ?? () from /usr/lib64/libcuda.so.1
[1] #2  0x00007f0b1f9cac0b in ?? () from /usr/lib64/libcuda.so.1
[1] #3  0x00007f0b1f912998 in ?? () from /usr/lib64/libcuda.so.1
[1] #4  0x00007f0b2156c6ea in start_thread () from /lib64/libpthread.so.0
[1] #5  0x00007f0b1bc57a6f in clone () from /lib64/libc.so.6
[1] Thread 1 (Thread 0x7f0b314e6000 (LWP 114105) "main"):
[1] #0  0x00007f0b1bc3c527 in sched_yield () from /lib64/libc.so.6
[1] #1  0x000000000045f7cf in gasneti_bt_gstack ()
[1] #2  0x0000000000460116 in gasneti_print_backtrace ()
[1] #3  0x000000000041ee53 in gasneti_defaultSignalHandler ()
[1] #4  <signal handler called>
[1] #5  0x00007f0b1bcc0d86 in __memmove_avx_unaligned_erms () from /lib64/libc.so.6
[1] #6  0x00000000004584d6 in gasnetc_ofi_am_send_medium ()
[1] #7  0x000000000044ddd8 in gasnetc_AMRequestMediumM ()
[1] #8  0x00000000004c1ba3 in gasnete_coll_pf_tm_reduce_BinomialEager ()
[1] #9  0x00000000004aeaf2 in gasneti_coll_progressfn ()
[1] #10 0x00000000004b78e5 in gasnete_tm_reduce_all_nb ()
[1] #11 0x0000000000445236 in upcxx::detail::reduce_one_or_all_trivial_erased(upcxx::team const&, int, void const*, void*, unsigned long, unsigned long, unsigned long, unsigned long, void (*)(void const*, void*, unsigned long, void const*), void*, upcxx::backend::gasnet::handle_cb*) ()
[1] #12 0x0000000000422fa0 in main ()
srun: error: nid008628: task 1: Segmentation fault
srun: Terminating StepId=8548994.0
slurmstepd: error: *** STEP 8548994.0 ON nid008625 CANCELLED AT 2023-05-08T19:17:36 ***
*** Caught a signal (proc 0): SIGTERM(15)
*** FATAL ERROR (proc 0): in gasnetc_ofi_tx_poll_one() at x-2023.3.0/bld/GASNet-2023.3.0/ofi-conduit/gasnet_ofi.c:2037: fi_cq_read for tx_poll failed with error: -5(Input/output error)
*** NOTICE (proc 0): We recommend linking the debug version of GASNet to assist you in resolving this application issue.
*** Details for bug reporting (proc 0): config=RELEASE=2023.3.0,SPEC=1.20,PTR=64bit,nodebug,SEQ,timers_native,membars_native,atomics_native,atomic32_native,atomic64_native compiler=GNU/11.2.0 sys=x86_64-pc-linux-gnu
[0] Invoking GDB for backtrace...
[0] GDB backtrace failed! (0x00000100:256)
[0] Invoking GSTACK for backtrace...
[0] /usr/bin/gstack 119987
[0] Thread 3 (Thread 0x7f16f3bf0000 (LWP 120422) "cuda-EvtHandlr"):
[0] #0  0x00007f171bca41c9 in poll () from /lib64/libc.so.6
[0] #1  0x00007f171f969069 in ?? () from /usr/lib64/libcuda.so.1
[0] #2  0x00007f171fa23c0b in ?? () from /usr/lib64/libcuda.so.1
[0] #3  0x00007f171f96b998 in ?? () from /usr/lib64/libcuda.so.1
[0] #4  0x00007f17215c56ea in start_thread () from /lib64/libpthread.so.0
[0] #5  0x00007f171bcb0a6f in clone () from /lib64/libc.so.6
[0] Thread 2 (Thread 0x7f16fbe3d000 (LWP 120382) "cuda-EvtHandlr"):
[0] #0  0x00007f171bca41c9 in poll () from /lib64/libc.so.6
[0] #1  0x00007f171f969069 in ?? () from /usr/lib64/libcuda.so.1
[0] #2  0x00007f171fa23c0b in ?? () from /usr/lib64/libcuda.so.1
[0] #3  0x00007f171f96b998 in ?? () from /usr/lib64/libcuda.so.1
[0] #4  0x00007f17215c56ea in start_thread () from /lib64/libpthread.so.0
[0] #5  0x00007f171bcb0a6f in clone () from /lib64/libc.so.6
[0] Thread 1 (Thread 0x7f173153f000 (LWP 119987) "main"):
[0] #0  0x00007f171bc95527 in sched_yield () from /lib64/libc.so.6
[0] #1  0x000000000045f7cf in gasneti_bt_gstack ()
[0] #2  0x0000000000460116 in gasneti_print_backtrace ()
[0] #3  0x0000000000414d40 in gasneti_error_abort ()
[0] #4  0x0000000000414e2f in _gasneti_fatalerror ()
[0] #5  0x0000000000456419 in gasnetc_ofi_tx_poll ()
[0] #6  0x000000000045645c in gasnetc_ofi_poll ()
[0] #7  0x000000000044d83a in gasnetc_exit ()
[0] #8  0x000000000041ee1a in gasneti_defaultSignalHandler ()
[0] #9  <signal handler called>
[0] #10 0x00007f17215d171b in raise () from /lib64/libpthread.so.0
[0] #11 <signal handler called>
[0] #12 0x00007f1721eddb12 in cxi_eq_peek_event (eq=0x992d38) at /usr/include/cxi_prov_hw.h:1540
[0] #13 cxip_ep_ctrl_eq_progress (ep_obj=0x8fee60, ctrl_evtq=0x992d38, tx_evtq=false, ep_obj_locked=false) at prov/cxi/src/cxip_ctrl.c:326
[0] #14 0x00007f1721ede1a4 in cxip_ep_ctrl_progress (ep_obj=0x8fee60) at prov/cxi/src/cxip_ctrl.c:372
[0] #15 0x00007f1721e99111 in ofi_cq_readfrom (cq_fid=0x924fd0, buf=<optimized out>, count=1, src_addr=0x0) at prov/util/src/util_cq.c:232
[0] #16 0x0000000000456603 in gasnetc_ofi_poll ()
[0] #17 0x000000000044d4c0 in gasnetc_AMPoll ()
[0] #18 0x000000000042c030 in void do_progress<(upcxx::progress_level)1>() ()
[0] #19 0x0000000000423257 in main ()
gasnet_exit(): ERROR: signal 6 received during exit... goodbye.  [coordinating shutdown]
aborting job:
GASNet abnormal exit
srun: error: nid008625: task 0: Exited with exit code 255
