num_procs: 8
num_procs: 8
num_procs: 8
num_procs: 8
num_procs: 8
num_procs: 8
num_procs: 8
num_procs: 8
my rank: 0received at 0 16046.5
my rank: 0received at 1 15978.8
Time = 0.160477 seconds
0 Finished RSA!
my rank: 2received at 0 15465.2
my rank: 2received at 1 16685.8
my rank: 4received at 0 16714.2
my rank: 4received at 1 17712.6
my rank: 7received at 0 13971.2
my rank: 7received at 1 14522
my rank: 3received at 0 14202.1
my rank: 3received at 1 13626.6
my rank: 5received at 0 14617
my rank: 5received at 1 13674.8
my rank: 1received at 0 16692.9
my rank: 1received at 1 14141.1
4 Finished RSA!
my rank: 6received at 0 17713.3
my rank: 6received at 1 16606.6
7 Finished RSA!
5 Finished RSA!
1 Finished RSA!
6 Finished RSA!
3 Finished RSA!
2 Finished RSA!
