num_procs: 4
num_procs: 4
num_procs: 4
num_procs: 4
my rank: 0has host 0, total 4 processors
my rank: 0
my rank: 0 , sending to 1
my rank: 1has host 1, total 4 processors
my rank: 1
my rank: 2has host 2, total 4 processors
my rank: 2
my rank: 2 , sending to 3
my rank: 3has host 3, total 4 processors
my rank: 3
my rank: 1finished upper 
my rank: 2finished upper 
my rank: 0finished upper 
my rank: 1finished below 
my rank: 3finished upper 
my rank: 0finished below 
my rank: 0 , sending to 1
my rank: 2finished below 
my rank: 2 , sending to 3
my rank: 1finished upper 
1 Finished MPI sends!
my rank: 3finished below 
my rank: 3finished upper 
3 Finished MPI sends!
my rank: 1before at 0 1
my rank: 1before at 1 -1
my rank: 1received at 0 2
my rank: 1received at 1 -1
my rank: 3before at 0 3
my rank: 3before at 1 -1
1 Finished RSA!
my rank: 2finished upper 
2 Finished MPI sends!
my rank: 0finished upper 
0 Finished MPI sends!
my rank: 0before at 0 0
my rank: 3received at 0 0
my rank: 3received at 1 -1
my rank: 0before at 1 -1
my rank: 0received at 0 1
my rank: 0received at 1 -1
my rank: 2before at 0 2
my rank: 2before at 1 -1
0 Finished RSA!
my rank: 2received at 0 3
my rank: 2received at 1 -1
3 Finished RSA!
2 Finished RSA!
